{"level":"error","message":"Order creation failed","userId":"69170d22af7863f7a65db846"}
{"level":"error","message":"Order creation failed","userId":"69170d22af7863f7a65db846"}
{"level":"error","message":"Order creation failed","userId":"69170d22af7863f7a65db846"}
{"level":"error","message":"Order creation failed","userId":"69170d22af7863f7a65db846"}
{"level":"error","message":"Order creation failed","userId":"69170d22af7863f7a65db846"}
{"level":"error","message":"Order creation failed","userId":"69170d22af7863f7a65db846"}
{"level":"error","message":"Order creation failed","userId":"69170d22af7863f7a65db846"}
{"level":"error","message":"Order creation failed","userId":"69170d22af7863f7a65db846"}
{"level":"error","message":"Order creation failed","userId":"69170d22af7863f7a65db846"}
{"eventId":"690f4b35ad03e0962be8e096","level":"error","message":"Order creation failed (razorpay.orders.create)","razorError":"{\"statusCode\":400,\"error\":{\"code\":\"BAD_REQUEST_ERROR\",\"description\":\"receipt: the length must be no more than 40.\",\"metadata\":{},\"reason\":\"input_validation_failed\",\"source\":\"business\",\"step\":\"payment_initiation\"}}","userId":"69170d22af7863f7a65db846"}
{"eventId":"690f4b35ad03e0962be8e096","level":"error","message":"Order creation failed (razorpay.orders.create)","razorError":{"code":null,"description":null,"details":{"code":"BAD_REQUEST_ERROR","description":"receipt: the length must be no more than 40.","metadata":{},"reason":"input_validation_failed","source":"business","step":"payment_initiation"}},"userId":"69170d22af7863f7a65db846"}
{"amount":200,"eventId":"69199c8105138d9d71e54626","level":"info","message":"Order created successfully","orderId":"order_RiJu4nrRUHNKHZ","quantity":1,"userId":"69170d22af7863f7a65db846"}
{"amount":500,"eventId":"6919a07ecec074d1f8124fdf","level":"info","message":"Order created successfully","orderId":"order_RiJubqXhAnOShy","quantity":5,"userId":"69170d22af7863f7a65db846"}
{"amount":500,"level":"info","message":"Payment verified successfully","orderId":"order_RiJubqXhAnOShy","paymentId":"pay_RiJuocQ5pA4wnP","userId":"69170d22af7863f7a65db846"}
{"email":"donald@yopmail.com","level":"info","message":"Invoice email sent","paymentId":"69201f3b394718071e9b1f40"}
{"calculatedAmount":0,"eventId":"69199d8405138d9d71e54b7c","level":"error","message":"Invalid calculated amount","userId":"69170d22af7863f7a65db846"}
{"calculatedAmount":0,"eventId":"69199d8405138d9d71e54b7c","level":"error","message":"Invalid calculated amount","userId":"69170d22af7863f7a65db846"}
{"calculatedAmount":0,"eventId":"69199d8405138d9d71e54b7c","level":"error","message":"Invalid calculated amount","userId":"69170d22af7863f7a65db846"}
{"calculatedAmount":0,"eventId":"69199d8405138d9d71e54b7c","level":"error","message":"Invalid calculated amount","userId":"69170d22af7863f7a65db846"}
{"amount":598,"eventId":"69199d8405138d9d71e54b7c","level":"info","message":"Order created successfully","orderId":"order_RiKH2GWsxEkJy2","quantity":2,"userId":"69170d22af7863f7a65db846"}
{"amount":598,"level":"info","message":"Payment verified successfully","orderId":"order_RiKH2GWsxEkJy2","paymentId":"pay_RiKHHpZm6DZQnc","userId":"69170d22af7863f7a65db846"}
{"email":"donald@yopmail.com","level":"info","message":"Invoice email sent","paymentId":"692024358271e3db51237643"}
{"amount":598,"eventId":"69199d8405138d9d71e54b7c","level":"info","message":"Order created successfully","orderId":"order_RiKnsqJbNzjbjO","quantity":2,"userId":"69170d22af7863f7a65db846"}
{"amount":598,"level":"info","message":"Payment verified successfully","orderId":"order_RiKnsqJbNzjbjO","paymentId":"pay_RiKo9mibcejNg2","userId":"69170d22af7863f7a65db846"}
{"email":"donald@yopmail.com","level":"info","message":"Invoice email sent","paymentId":"69202b7f3667f92dcb9c3ada"}
{"amount":200,"eventId":"69199c8105138d9d71e54626","level":"info","message":"Order created successfully","orderId":"order_RiKynTt89Ik5XQ","quantity":1,"userId":"69170d22af7863f7a65db846"}
{"amount":200,"level":"info","message":"Payment verified successfully","orderId":"order_RiKynTt89Ik5XQ","paymentId":"pay_RiKz17aATvq7jJ","userId":"69170d22af7863f7a65db846"}
{"level":"info","message":"Invoice generation deferred until booking completes","paymentId":"69202deb1e0e8a6c8f159d50"}
{"amount":598,"eventId":"69199d8405138d9d71e54b7c","level":"info","message":"Order created successfully","orderId":"order_RiL3OWKimQ3iGv","quantity":2,"userId":"69170d22af7863f7a65db846"}
{"amount":598,"level":"info","message":"Payment verified successfully","orderId":"order_RiL3OWKimQ3iGv","paymentId":"pay_RiL3eFiWsRHV1R","userId":"69170d22af7863f7a65db846"}
{"level":"info","message":"Invoice generation deferred until booking completes","paymentId":"69202ef01e0e8a6c8f159e6b"}
{"amount":1000,"eventId":"6919a07ecec074d1f8124fdf","level":"info","message":"Order created successfully","orderId":"order_RiL8zQxDuG8Nh5","quantity":10,"userId":"69170d22af7863f7a65db846"}
{"amount":1000,"level":"info","message":"Payment verified successfully","orderId":"order_RiL8zQxDuG8Nh5","paymentId":"pay_RiL9BunOlSpaT9","userId":"69170d22af7863f7a65db846"}
{"level":"info","message":"Invoice generation deferred until booking completes","paymentId":"6920302e82d879fe050cb0e4"}
{"amount":100,"eventId":"6919a07ecec074d1f8124fdf","level":"info","message":"Order created successfully","orderId":"order_RjBGZiYeOiWoi1","quantity":1,"userId":"69170d22af7863f7a65db846"}
{"amount":100,"level":"info","message":"Payment verified successfully","orderId":"order_RjBGZiYeOiWoi1","paymentId":"pay_RjBGnYV9j7LqhQ","userId":"69170d22af7863f7a65db846"}
{"level":"info","message":"Invoice generation deferred until booking completes","paymentId":"6922fd31b38f13f83ddfa82f"}
{"amount":1000,"eventId":"69199c8105138d9d71e54626","level":"info","message":"Order created successfully","orderId":"order_RjVMczmgieVzPP","quantity":5,"userId":"69170d22af7863f7a65db846"}
{"amount":200,"eventId":"69199c8105138d9d71e54626","level":"info","message":"Order created successfully","orderId":"order_RjVPbACYRo9Qdj","quantity":1,"userId":"69170d22af7863f7a65db846"}
{"ip":"52.66.76.63","level":"warn","message":"Unauthorized webhook attempt","path":"/webhook"}
{"ip":"52.66.76.63","level":"warn","message":"Unauthorized webhook attempt","path":"/webhook"}
{"amount":200,"level":"info","message":"Payment verified successfully","orderId":"order_RjVPbACYRo9Qdj","paymentId":"pay_RjVPta6FBfoeya","userId":"69170d22af7863f7a65db846"}
{"level":"info","message":"Invoice generation deferred until booking completes","paymentId":"692412518e4723a928253746"}
{"amount":897,"eventId":"69199d8405138d9d71e54b7c","level":"info","message":"Order created successfully","orderId":"order_RjVcoCQPVR8Ghg","quantity":3,"userId":"69170d22af7863f7a65db846"}
{"event":"payment.captured","level":"info","message":"Webhook received","paymentId":"pay_RjVdN4YUeYRWra"}
{"level":"info","message":"Webhook: payment captured and DB updated","orderId":"order_RjVcoCQPVR8Ghg"}
{"event":"order.paid","level":"info","message":"Webhook received","paymentId":"pay_RjVdN4YUeYRWra"}
{"event":"order.paid","level":"info","message":"Webhook: unhandled event"}
{"level":"info","message":"Payment already processed","paymentId":"pay_RjVdN4YUeYRWra","userId":"69170d22af7863f7a65db846"}
{"amount":1600,"eventId":"69199c8105138d9d71e54626","level":"info","message":"Order created successfully","orderId":"order_RjVh4os2kzs7v7","quantity":8,"userId":"69170d22af7863f7a65db846"}
{"event":"payment.captured","level":"info","message":"Webhook received","paymentId":"pay_RjVhHR8fSfeWxH"}
{"level":"info","message":"Webhook: payment captured and DB updated","orderId":"order_RjVh4os2kzs7v7"}
{"event":"order.paid","level":"info","message":"Webhook received","paymentId":"pay_RjVhHR8fSfeWxH"}
{"event":"order.paid","level":"info","message":"Webhook: unhandled event"}
{"level":"info","message":"Payment already processed","paymentId":"pay_RjVhHR8fSfeWxH","userId":"69170d22af7863f7a65db846"}
{"amount":100,"eventId":"6919a07ecec074d1f8124fdf","level":"info","message":"Order created successfully","orderId":"order_RnvoavOylGZMhB","quantity":1,"userId":"69170d22af7863f7a65db846"}
{"event":"payment.captured","level":"info","message":"Webhook received","paymentId":"pay_RnvowsuOMYlKq4"}
{"level":"info","message":"Webhook: payment captured and DB updated","orderId":"order_RnvoavOylGZMhB"}
{"level":"info","message":"Payment already processed","paymentId":"pay_RnvowsuOMYlKq4","userId":"69170d22af7863f7a65db846"}
{"amount":1196,"eventId":"6932d28db93529aafaba6508","level":"info","message":"Order created successfully","orderId":"order_Rnw6HshyIkUjye","quantity":4,"userId":"69171175ddc4243c7a40b277"}
{"event":"payment.captured","level":"info","message":"Webhook received","paymentId":"pay_Rnw6j1gScSqfkC"}
{"level":"info","message":"Webhook: payment captured and DB updated","orderId":"order_Rnw6HshyIkUjye"}
{"level":"info","message":"Payment already processed","paymentId":"pay_Rnw6j1gScSqfkC","userId":"69171175ddc4243c7a40b277"}
